Using pre-set license

 COMMAND LINE ARGUMENTS:
/Applications/Unity/Unity.app/Contents/MacOS/Unity
-adb2
-batchMode
-noUpm
-name
AssetImportWorker0
-projectPath
/Users/notahero/Documents/ProcMap
-logFile
Logs/AssetImportWorker0.log
-srvPort
55483
Successfully changed project path to: /Users/notahero/Documents/ProcMap
/Users/notahero/Documents/ProcMap
Using Asset Import Pipeline V2.
Refreshing native plugins compatible for Editor in 23.75 ms, found 1 plugins.
Preloading 0 native plugins for Editor in 0.00 ms.
Initialize engine version: 2020.3.7f1 (dd97f2c94397)
[Subsystems] Discovering subsystems at path /Applications/Unity/Unity.app/Contents/Resources/UnitySubsystems
[Subsystems] Discovering subsystems at path /Users/notahero/Documents/ProcMap/Assets
GfxDevice: creating device client; threaded=0
2021-05-29 18:26:04.220 Unity[8182:343193] Color LCD preferred device: Intel(R) Iris(TM) Plus Graphics 645 (low power)
2021-05-29 18:26:04.220 Unity[8182:343193] Metal devices available: 1
2021-05-29 18:26:04.220 Unity[8182:343193] 0: Intel(R) Iris(TM) Plus Graphics 645 (low power)
2021-05-29 18:26:04.220 Unity[8182:343193] Using device Intel(R) Iris(TM) Plus Graphics 645 (low power)
Initializing Metal device caps: Intel(R) Iris(TM) Plus Graphics 645
Initialize mono
Mono path[0] = '/Applications/Unity/Unity.app/Contents/Managed'
Mono path[1] = '/Applications/Unity/Unity.app/Contents/MonoBleedingEdge/lib/mono/unityjit'
Mono config path = '/Applications/Unity/Unity.app/Contents/MonoBleedingEdge/etc'
Using monoOptions --debugger-agent=transport=dt_socket,embedding=1,server=y,suspend=n,address=127.0.0.1:56182
Begin MonoManager ReloadAssembly
Error scanning for extension ivy.xml files: System.UnauthorizedAccessException: Access to the path '/Applications/Unity/PlaybackEngines/WebGLSupport/BuildTools/Emscripten_Mac/node' is denied.
  at System.IO.__Error.WinIOError (System.Int32 errorCode, System.String maybeFullPath) [0x00129] in <695d1cc93cca45069c528c15c9fdd749>:0 
  at System.IO.FileSystemEnumerableIterator`1[TSource].HandleError (System.Int32 hr, System.String path) [0x00006] in <695d1cc93cca45069c528c15c9fdd749>:0 
  at System.IO.FileSystemEnumerableIterator`1[TSource].AddSearchableDirsToStack (System.IO.Directory+SearchData localSearchData) [0x00053] in <695d1cc93cca45069c528c15c9fdd749>:0 
  at System.IO.FileSystemEnumerableIterator`1[TSource].MoveNext () [0x0008e] in <695d1cc93cca45069c528c15c9fdd749>:0 
  at System.Collections.Generic.List`1[T]..ctor (System.Collections.Generic.IEnumerable`1[T] collection) [0x00077] in <695d1cc93cca45069c528c15c9fdd749>:0 
  at System.IO.Directory.InternalGetFileDirectoryNames (System.String path, System.String userPathOriginal, System.String searchPattern, System.Boolean includeFiles, System.Boolean includeDirs, System.IO.SearchOption searchOption, System.Boolean checkHost) [0x0000f] in <695d1cc93cca45069c528c15c9fdd749>:0 
  at System.IO.Directory.InternalGetFiles (System.String path, System.String searchPattern, System.IO.SearchOption searchOption) [0x00000] in <695d1cc93cca45069c528c15c9fdd749>:0 
  at System.IO.Directory.GetFiles (System.String path, System.String searchPattern, System.IO.SearchOption searchOption) [0x00038] in <695d1cc93cca45069c528c15c9fdd749>:0 
  at UnityEditor.Modules.ModuleManager.LoadLegacyExtensionsFromIvyFiles () [0x000a5] in /Users/bokken/buildslave/unity/build/Editor/Mono/Modules/ModuleManager.cs:253 
Registering precompiled unity dll's ...
Register platform support module: /Applications/Unity/PlaybackEngines/WebGLSupport/UnityEditor.WebGL.Extensions.dll
Register platform support module: /Applications/Unity/Unity.app/Contents/PlaybackEngines/MacStandaloneSupport/UnityEditor.OSXStandalone.Extensions.dll
Register platform support module: /Applications/Unity/PlaybackEngines/WindowsStandaloneSupport/UnityEditor.WindowsStandalone.Extensions.dll
Register platform support module: /Applications/Unity/PlaybackEngines/LinuxStandaloneSupport/UnityEditor.LinuxStandalone.Extensions.dll
Registered in 0.001076 seconds.
Native extension for LinuxStandalone target not found
Native extension for WindowsStandalone target not found
Native extension for OSXStandalone target not found
Native extension for WebGL target not found
Refreshing native plugins compatible for Editor in 23.76 ms, found 1 plugins.
Preloading 0 native plugins for Editor in 0.00 ms.
Mono: successfully reloaded assembly
- Completed reload, in  2.153 seconds
Platform modules already initialized, skipping
Registering precompiled user dll's ...
Registered in 0.000369 seconds.
Begin MonoManager ReloadAssembly
Native extension for LinuxStandalone target not found
Native extension for WindowsStandalone target not found
Native extension for OSXStandalone target not found
Native extension for WebGL target not found
Refreshing native plugins compatible for Editor in 0.41 ms, found 1 plugins.
Preloading 0 native plugins for Editor in 0.00 ms.
Mono: successfully reloaded assembly
- Completed reload, in  1.653 seconds
Platform modules already initialized, skipping
========================================================================
Worker process is ready to serve import requests
Launching external process: /Applications/Unity/Unity.app/Contents/Tools/UnityShaderCompiler
Launched and connected shader compiler UnityShaderCompiler after 0.02 seconds
Refreshing native plugins compatible for Editor in 0.24 ms, found 1 plugins.
Preloading 0 native plugins for Editor in 0.00 ms.
Unloading 1125 Unused Serialized files (Serialized files now loaded: 0)
System memory in use before: 114.6 MB.
System memory in use after: 114.7 MB.

Unloading 9 unused Assets to reduce memory usage. Loaded Objects now: 1570.
Total: 4.096710 ms (FindLiveObjects: 0.315486 ms CreateObjectMapping: 0.043424 ms MarkObjects: 3.495434 ms  DeleteObjects: 0.240730 ms)

========================================================================
Received Import Request.
  path: Assets/Shaders/PerlinNoise2d.shader
  artifactKey: Guid(9363c9c08da2c463f817ce98616f11ae) Importer(815301076,1909f56bfc062723c751e8b465ee728b)
Start importing Assets/Shaders/PerlinNoise2d.shader using Guid(9363c9c08da2c463f817ce98616f11ae) Importer(815301076,1909f56bfc062723c751e8b465ee728b)  -> (artifact id: '11612470c05daab1978bb6772b9ba75f') in 1.723288 seconds
  Import took 1.727297 seconds .

========================================================================
Received Prepare
Registering precompiled user dll's ...
Registered in 0.001546 seconds.
Begin MonoManager ReloadAssembly
Native extension for LinuxStandalone target not found
Native extension for WindowsStandalone target not found
Native extension for OSXStandalone target not found
Native extension for WebGL target not found
Refreshing native plugins compatible for Editor in 0.26 ms, found 1 plugins.
Preloading 0 native plugins for Editor in 0.00 ms.
Mono: successfully reloaded assembly
- Completed reload, in  1.088 seconds
Platform modules already initialized, skipping
Refreshing native plugins compatible for Editor in 0.29 ms, found 1 plugins.
Preloading 0 native plugins for Editor in 0.00 ms.
Unloading 1114 Unused Serialized files (Serialized files now loaded: 0)
System memory in use before: 118.5 MB.
System memory in use after: 118.5 MB.

Unloading 4 unused Assets to reduce memory usage. Loaded Objects now: 1573.
Total: 1.795499 ms (FindLiveObjects: 0.192615 ms CreateObjectMapping: 0.051791 ms MarkObjects: 1.521855 ms  DeleteObjects: 0.027994 ms)

========================================================================
Received Import Request.
  Time since last request: 80.415849 seconds.
  path: Assets/Scripts/Enviroment.cs
  artifactKey: Guid(d4d01def4642f4eabb6a211404da33b0) Importer(815301076,1909f56bfc062723c751e8b465ee728b)
Start importing Assets/Scripts/Enviroment.cs using Guid(d4d01def4642f4eabb6a211404da33b0) Importer(815301076,1909f56bfc062723c751e8b465ee728b)  -> (artifact id: '3ada6dc8a0041b0e7c3c1102a8c50613') in 0.533519 seconds
  Import took 0.536598 seconds .

========================================================================
Received Prepare
Registering precompiled user dll's ...
Registered in 0.000418 seconds.
Begin MonoManager ReloadAssembly
Native extension for LinuxStandalone target not found
Native extension for WindowsStandalone target not found
Native extension for OSXStandalone target not found
Native extension for WebGL target not found
Refreshing native plugins compatible for Editor in 0.24 ms, found 1 plugins.
Preloading 0 native plugins for Editor in 0.00 ms.
Mono: successfully reloaded assembly
- Completed reload, in  0.982 seconds
Platform modules already initialized, skipping
Refreshing native plugins compatible for Editor in 0.24 ms, found 1 plugins.
Preloading 0 native plugins for Editor in 0.00 ms.
Unloading 1114 Unused Serialized files (Serialized files now loaded: 0)
System memory in use before: 123.0 MB.
System memory in use after: 123.0 MB.

Unloading 4 unused Assets to reduce memory usage. Loaded Objects now: 1576.
Total: 2.377052 ms (FindLiveObjects: 0.258473 ms CreateObjectMapping: 0.054162 ms MarkObjects: 2.041910 ms  DeleteObjects: 0.019111 ms)

========================================================================
Received Import Request.
  Time since last request: 63.921425 seconds.
  path: Assets/Scripts/Enviroment.cs
  artifactKey: Guid(d4d01def4642f4eabb6a211404da33b0) Importer(815301076,1909f56bfc062723c751e8b465ee728b)
Start importing Assets/Scripts/Enviroment.cs using Guid(d4d01def4642f4eabb6a211404da33b0) Importer(815301076,1909f56bfc062723c751e8b465ee728b)  -> (artifact id: '5f3931513055114aa740d90c34f086be') in 0.009948 seconds
  Import took 0.014888 seconds .

========================================================================
Received Import Request.
  Time since last request: 83.107449 seconds.
  path: Assets/Scripts/Enviroment.cs
  artifactKey: Guid(d4d01def4642f4eabb6a211404da33b0) Importer(815301076,1909f56bfc062723c751e8b465ee728b)
Start importing Assets/Scripts/Enviroment.cs using Guid(d4d01def4642f4eabb6a211404da33b0) Importer(815301076,1909f56bfc062723c751e8b465ee728b)  -> (artifact id: '341a0212c99e1432060bd8d928ff2d6a') in 0.007157 seconds
  Import took 0.011489 seconds .

========================================================================
Received Prepare
Registering precompiled user dll's ...
Registered in 0.000708 seconds.
Begin MonoManager ReloadAssembly
Native extension for LinuxStandalone target not found
Native extension for WindowsStandalone target not found
Native extension for OSXStandalone target not found
Native extension for WebGL target not found
Refreshing native plugins compatible for Editor in 0.44 ms, found 1 plugins.
Preloading 0 native plugins for Editor in 0.00 ms.
Mono: successfully reloaded assembly
- Completed reload, in  1.258 seconds
Platform modules already initialized, skipping
Refreshing native plugins compatible for Editor in 0.26 ms, found 1 plugins.
Preloading 0 native plugins for Editor in 0.00 ms.
Unloading 1114 Unused Serialized files (Serialized files now loaded: 0)
System memory in use before: 123.3 MB.
System memory in use after: 123.4 MB.

Unloading 4 unused Assets to reduce memory usage. Loaded Objects now: 1579.
Total: 2.225576 ms (FindLiveObjects: 0.431360 ms CreateObjectMapping: 0.159177 ms MarkObjects: 1.592457 ms  DeleteObjects: 0.041208 ms)

========================================================================
Received Import Request.
  Time since last request: 199.123158 seconds.
  path: Assets/Scripts/Enviroment.cs
  artifactKey: Guid(d4d01def4642f4eabb6a211404da33b0) Importer(815301076,1909f56bfc062723c751e8b465ee728b)
Start importing Assets/Scripts/Enviroment.cs using Guid(d4d01def4642f4eabb6a211404da33b0) Importer(815301076,1909f56bfc062723c751e8b465ee728b)  -> (artifact id: 'c9fb79b6c30c537a70fcb168531cdee7') in 0.008570 seconds
  Import took 0.012160 seconds .

========================================================================
Received Prepare
Registering precompiled user dll's ...
Registered in 0.000403 seconds.
Begin MonoManager ReloadAssembly
Native extension for LinuxStandalone target not found
Native extension for WindowsStandalone target not found
Native extension for OSXStandalone target not found
Native extension for WebGL target not found
Refreshing native plugins compatible for Editor in 0.25 ms, found 1 plugins.
Preloading 0 native plugins for Editor in 0.00 ms.
Mono: successfully reloaded assembly
- Completed reload, in  0.982 seconds
Platform modules already initialized, skipping
Refreshing native plugins compatible for Editor in 0.24 ms, found 1 plugins.
Preloading 0 native plugins for Editor in 0.00 ms.
Unloading 1114 Unused Serialized files (Serialized files now loaded: 0)
System memory in use before: 123.4 MB.
System memory in use after: 123.4 MB.

Unloading 4 unused Assets to reduce memory usage. Loaded Objects now: 1582.
Total: 2.225447 ms (FindLiveObjects: 0.189455 ms CreateObjectMapping: 0.044816 ms MarkObjects: 1.970730 ms  DeleteObjects: 0.019108 ms)

========================================================================
Received Import Request.
  Time since last request: 113.826332 seconds.
  path: Assets/Scripts/Enviroment.cs
  artifactKey: Guid(d4d01def4642f4eabb6a211404da33b0) Importer(815301076,1909f56bfc062723c751e8b465ee728b)
Start importing Assets/Scripts/Enviroment.cs using Guid(d4d01def4642f4eabb6a211404da33b0) Importer(815301076,1909f56bfc062723c751e8b465ee728b)  -> (artifact id: 'cd810e136f43dcf137c914c5247b5c7f') in 0.007249 seconds
  Import took 0.009680 seconds .

========================================================================
Received Prepare
Registering precompiled user dll's ...
Registered in 0.000562 seconds.
Begin MonoManager ReloadAssembly
Native extension for LinuxStandalone target not found
Native extension for WindowsStandalone target not found
Native extension for OSXStandalone target not found
Native extension for WebGL target not found
Refreshing native plugins compatible for Editor in 0.33 ms, found 1 plugins.
Preloading 0 native plugins for Editor in 0.00 ms.
Mono: successfully reloaded assembly
- Completed reload, in  1.197 seconds
Platform modules already initialized, skipping
Refreshing native plugins compatible for Editor in 0.23 ms, found 1 plugins.
Preloading 0 native plugins for Editor in 0.00 ms.
Unloading 1114 Unused Serialized files (Serialized files now loaded: 0)
System memory in use before: 123.6 MB.
System memory in use after: 123.7 MB.

Unloading 4 unused Assets to reduce memory usage. Loaded Objects now: 1585.
Total: 2.463940 ms (FindLiveObjects: 0.273013 ms CreateObjectMapping: 0.073070 ms MarkObjects: 2.096663 ms  DeleteObjects: 0.019388 ms)

========================================================================
Received Import Request.
  Time since last request: 182.976190 seconds.
  path: Assets/Scripts/Enviroment.cs
  artifactKey: Guid(d4d01def4642f4eabb6a211404da33b0) Importer(815301076,1909f56bfc062723c751e8b465ee728b)
Start importing Assets/Scripts/Enviroment.cs using Guid(d4d01def4642f4eabb6a211404da33b0) Importer(815301076,1909f56bfc062723c751e8b465ee728b)  -> (artifact id: 'dd8bd1dca2809a98afb372098c18fa3b') in 0.011582 seconds
  Import took 0.014965 seconds .

========================================================================
Received Import Request.
  Time since last request: 32.327738 seconds.
  path: Assets/Shaders/GetNoise.shader
  artifactKey: Guid(23d2a8c2e43ea497d8ff030062023258) Importer(815301076,1909f56bfc062723c751e8b465ee728b)
Start importing Assets/Shaders/GetNoise.shader using Guid(23d2a8c2e43ea497d8ff030062023258) Importer(815301076,1909f56bfc062723c751e8b465ee728b)  -> (artifact id: '1f8bd0de26c7ee55951702f047f7a814') in 0.028101 seconds
  Import took 0.032245 seconds .

========================================================================
Received Import Request.
  Time since last request: 0.003961 seconds.
  path: Assets/Shaders/GetNoise.shader
  artifactKey: Guid(23d2a8c2e43ea497d8ff030062023258) Importer(815301076,1909f56bfc062723c751e8b465ee728b)
Start importing Assets/Shaders/GetNoise.shader using Guid(23d2a8c2e43ea497d8ff030062023258) Importer(815301076,1909f56bfc062723c751e8b465ee728b)  -> (artifact id: '1f8bd0de26c7ee55951702f047f7a814') in 0.006999 seconds
  Import took 0.010007 seconds .

========================================================================
Received Import Request.
  Time since last request: 104.834276 seconds.
  path: Assets/Shaders/GetNoise.shader
  artifactKey: Guid(23d2a8c2e43ea497d8ff030062023258) Importer(815301076,1909f56bfc062723c751e8b465ee728b)
Start importing Assets/Shaders/GetNoise.shader using Guid(23d2a8c2e43ea497d8ff030062023258) Importer(815301076,1909f56bfc062723c751e8b465ee728b)  -> (artifact id: '373599dd672a4b4076fd66d705ecddf2') in 0.007683 seconds
  Import took 0.010423 seconds .

========================================================================
Received Import Request.
  Time since last request: 17.686245 seconds.
  path: Assets/Shaders/GetNoise.shader
  artifactKey: Guid(23d2a8c2e43ea497d8ff030062023258) Importer(815301076,1909f56bfc062723c751e8b465ee728b)
Start importing Assets/Shaders/GetNoise.shader using Guid(23d2a8c2e43ea497d8ff030062023258) Importer(815301076,1909f56bfc062723c751e8b465ee728b)  -> (artifact id: '2d0c15cde159ad67eddea20145cbbffe') in 0.006406 seconds
  Import took 0.010248 seconds .

========================================================================
Received Import Request.
  Time since last request: 17.143077 seconds.
  path: Assets/Shaders/GetNoise.shader
  artifactKey: Guid(23d2a8c2e43ea497d8ff030062023258) Importer(815301076,1909f56bfc062723c751e8b465ee728b)
Start importing Assets/Shaders/GetNoise.shader using Guid(23d2a8c2e43ea497d8ff030062023258) Importer(815301076,1909f56bfc062723c751e8b465ee728b)  -> (artifact id: 'e46667b0f44d5abb0de77f9b7484057b') in 0.008036 seconds
  Import took 0.011898 seconds .

========================================================================
Received Import Request.
  Time since last request: 60.701761 seconds.
  path: Assets/Shaders/GetNoise.shader
  artifactKey: Guid(23d2a8c2e43ea497d8ff030062023258) Importer(815301076,1909f56bfc062723c751e8b465ee728b)
Start importing Assets/Shaders/GetNoise.shader using Guid(23d2a8c2e43ea497d8ff030062023258) Importer(815301076,1909f56bfc062723c751e8b465ee728b)  -> (artifact id: '6bb7aa9b94595760f61e28460509d740') in 0.004994 seconds
  Import took 0.008128 seconds .

========================================================================
Received Prepare
Registering precompiled user dll's ...
Registered in 0.000445 seconds.
Begin MonoManager ReloadAssembly
Native extension for LinuxStandalone target not found
Native extension for WindowsStandalone target not found
Native extension for OSXStandalone target not found
Native extension for WebGL target not found
Refreshing native plugins compatible for Editor in 0.25 ms, found 1 plugins.
Preloading 0 native plugins for Editor in 0.00 ms.
Mono: successfully reloaded assembly
- Completed reload, in  1.044 seconds
Platform modules already initialized, skipping
Refreshing native plugins compatible for Editor in 0.24 ms, found 1 plugins.
Preloading 0 native plugins for Editor in 0.00 ms.
Unloading 1115 Unused Serialized files (Serialized files now loaded: 0)
System memory in use before: 124.1 MB.
System memory in use after: 124.1 MB.

Unloading 5 unused Assets to reduce memory usage. Loaded Objects now: 1588.
Total: 2.297508 ms (FindLiveObjects: 0.292934 ms CreateObjectMapping: 0.053435 ms MarkObjects: 1.854222 ms  DeleteObjects: 0.095057 ms)

========================================================================
Received Prepare
Registering precompiled user dll's ...
Registered in 0.001180 seconds.
Begin MonoManager ReloadAssembly
Native extension for LinuxStandalone target not found
Native extension for WindowsStandalone target not found
Native extension for OSXStandalone target not found
Native extension for WebGL target not found
Refreshing native plugins compatible for Editor in 0.24 ms, found 1 plugins.
Preloading 0 native plugins for Editor in 0.00 ms.
Mono: successfully reloaded assembly
- Completed reload, in  1.053 seconds
Platform modules already initialized, skipping
Refreshing native plugins compatible for Editor in 0.32 ms, found 1 plugins.
Preloading 0 native plugins for Editor in 0.00 ms.
Unloading 1115 Unused Serialized files (Serialized files now loaded: 0)
System memory in use before: 124.3 MB.
System memory in use after: 124.4 MB.

Unloading 5 unused Assets to reduce memory usage. Loaded Objects now: 1591.
Total: 2.018671 ms (FindLiveObjects: 0.185914 ms CreateObjectMapping: 0.045683 ms MarkObjects: 1.711561 ms  DeleteObjects: 0.074019 ms)

========================================================================
Received Prepare
Registering precompiled user dll's ...
Registered in 0.000405 seconds.
Begin MonoManager ReloadAssembly
Native extension for LinuxStandalone target not found
Native extension for WindowsStandalone target not found
Native extension for OSXStandalone target not found
Native extension for WebGL target not found
Refreshing native plugins compatible for Editor in 0.24 ms, found 1 plugins.
Preloading 0 native plugins for Editor in 0.00 ms.
Mono: successfully reloaded assembly
- Completed reload, in  1.001 seconds
Platform modules already initialized, skipping
Refreshing native plugins compatible for Editor in 0.26 ms, found 1 plugins.
Preloading 0 native plugins for Editor in 0.00 ms.
Unloading 1115 Unused Serialized files (Serialized files now loaded: 0)
System memory in use before: 124.5 MB.
System memory in use after: 124.6 MB.

Unloading 5 unused Assets to reduce memory usage. Loaded Objects now: 1594.
Total: 1.790605 ms (FindLiveObjects: 0.217571 ms CreateObjectMapping: 0.044353 ms MarkObjects: 1.446818 ms  DeleteObjects: 0.080465 ms)

========================================================================
Received Prepare
Registering precompiled user dll's ...
Registered in 0.001373 seconds.
Begin MonoManager ReloadAssembly
Native extension for LinuxStandalone target not found
Native extension for WindowsStandalone target not found
Native extension for OSXStandalone target not found
Native extension for WebGL target not found
Refreshing native plugins compatible for Editor in 0.24 ms, found 1 plugins.
Preloading 0 native plugins for Editor in 0.00 ms.
Mono: successfully reloaded assembly
- Completed reload, in  1.189 seconds
Platform modules already initialized, skipping
Refreshing native plugins compatible for Editor in 0.27 ms, found 1 plugins.
Preloading 0 native plugins for Editor in 0.00 ms.
Unloading 1115 Unused Serialized files (Serialized files now loaded: 0)
System memory in use before: 124.7 MB.
System memory in use after: 124.8 MB.

Unloading 5 unused Assets to reduce memory usage. Loaded Objects now: 1597.
Total: 2.065967 ms (FindLiveObjects: 0.173723 ms CreateObjectMapping: 0.045349 ms MarkObjects: 1.734532 ms  DeleteObjects: 0.110785 ms)

========================================================================
Received Prepare
Registering precompiled user dll's ...
Registered in 0.000398 seconds.
Begin MonoManager ReloadAssembly
Native extension for LinuxStandalone target not found
Native extension for WindowsStandalone target not found
Native extension for OSXStandalone target not found
Native extension for WebGL target not found
Refreshing native plugins compatible for Editor in 0.28 ms, found 1 plugins.
Preloading 0 native plugins for Editor in 0.00 ms.
Mono: successfully reloaded assembly
- Completed reload, in  0.972 seconds
Platform modules already initialized, skipping
Refreshing native plugins compatible for Editor in 0.22 ms, found 1 plugins.
Preloading 0 native plugins for Editor in 0.00 ms.
Unloading 1115 Unused Serialized files (Serialized files now loaded: 0)
System memory in use before: 124.9 MB.
System memory in use after: 125.0 MB.

Unloading 5 unused Assets to reduce memory usage. Loaded Objects now: 1600.
Total: 2.107687 ms (FindLiveObjects: 0.364500 ms CreateObjectMapping: 0.112248 ms MarkObjects: 1.543519 ms  DeleteObjects: 0.084615 ms)

========================================================================
Received Prepare
Registering precompiled user dll's ...
Registered in 0.001057 seconds.
Begin MonoManager ReloadAssembly
Native extension for LinuxStandalone target not found
Native extension for WindowsStandalone target not found
Native extension for OSXStandalone target not found
Native extension for WebGL target not found
Refreshing native plugins compatible for Editor in 0.24 ms, found 1 plugins.
Preloading 0 native plugins for Editor in 0.00 ms.
Mono: successfully reloaded assembly
- Completed reload, in  1.054 seconds
Platform modules already initialized, skipping
Refreshing native plugins compatible for Editor in 0.24 ms, found 1 plugins.
Preloading 0 native plugins for Editor in 0.00 ms.
Unloading 1115 Unused Serialized files (Serialized files now loaded: 0)
System memory in use before: 125.1 MB.
System memory in use after: 125.2 MB.

Unloading 5 unused Assets to reduce memory usage. Loaded Objects now: 1603.
Total: 1.743662 ms (FindLiveObjects: 0.181537 ms CreateObjectMapping: 0.043010 ms MarkObjects: 1.406559 ms  DeleteObjects: 0.111262 ms)

========================================================================
Received Prepare
Registering precompiled user dll's ...
Registered in 0.000499 seconds.
Begin MonoManager ReloadAssembly
Native extension for LinuxStandalone target not found
Native extension for WindowsStandalone target not found
Native extension for OSXStandalone target not found
Native extension for WebGL target not found
Refreshing native plugins compatible for Editor in 0.24 ms, found 1 plugins.
Preloading 0 native plugins for Editor in 0.00 ms.
Mono: successfully reloaded assembly
- Completed reload, in  1.011 seconds
Platform modules already initialized, skipping
Refreshing native plugins compatible for Editor in 0.27 ms, found 1 plugins.
Preloading 0 native plugins for Editor in 0.00 ms.
Unloading 1115 Unused Serialized files (Serialized files now loaded: 0)
System memory in use before: 125.4 MB.
System memory in use after: 125.4 MB.

Unloading 5 unused Assets to reduce memory usage. Loaded Objects now: 1606.
Total: 2.137167 ms (FindLiveObjects: 0.187807 ms CreateObjectMapping: 0.043435 ms MarkObjects: 1.812925 ms  DeleteObjects: 0.091640 ms)

========================================================================
Received Prepare
Registering precompiled user dll's ...
Registered in 0.000362 seconds.
Begin MonoManager ReloadAssembly
Native extension for LinuxStandalone target not found
Native extension for WindowsStandalone target not found
Native extension for OSXStandalone target not found
Native extension for WebGL target not found
Refreshing native plugins compatible for Editor in 0.24 ms, found 1 plugins.
Preloading 0 native plugins for Editor in 0.00 ms.
Mono: successfully reloaded assembly
- Completed reload, in  1.060 seconds
Platform modules already initialized, skipping
Refreshing native plugins compatible for Editor in 0.25 ms, found 1 plugins.
Preloading 0 native plugins for Editor in 0.00 ms.
Unloading 1115 Unused Serialized files (Serialized files now loaded: 0)
System memory in use before: 125.6 MB.
System memory in use after: 125.6 MB.

Unloading 5 unused Assets to reduce memory usage. Loaded Objects now: 1609.
Total: 1.660727 ms (FindLiveObjects: 0.165400 ms CreateObjectMapping: 0.035427 ms MarkObjects: 1.384732 ms  DeleteObjects: 0.073813 ms)

========================================================================
Received Prepare
Registering precompiled user dll's ...
Registered in 0.000460 seconds.
Begin MonoManager ReloadAssembly
Native extension for LinuxStandalone target not found
Native extension for WindowsStandalone target not found
Native extension for OSXStandalone target not found
Native extension for WebGL target not found
Refreshing native plugins compatible for Editor in 0.26 ms, found 1 plugins.
Preloading 0 native plugins for Editor in 0.00 ms.
Mono: successfully reloaded assembly
- Completed reload, in  1.001 seconds
Platform modules already initialized, skipping
Refreshing native plugins compatible for Editor in 0.27 ms, found 1 plugins.
Preloading 0 native plugins for Editor in 0.00 ms.
Unloading 1115 Unused Serialized files (Serialized files now loaded: 0)
System memory in use before: 125.8 MB.
System memory in use after: 125.8 MB.

Unloading 5 unused Assets to reduce memory usage. Loaded Objects now: 1612.
Total: 1.736710 ms (FindLiveObjects: 0.167539 ms CreateObjectMapping: 0.034190 ms MarkObjects: 1.463345 ms  DeleteObjects: 0.070460 ms)

========================================================================
Received Prepare
Registering precompiled user dll's ...
Registered in 0.000578 seconds.
Begin MonoManager ReloadAssembly
Native extension for LinuxStandalone target not found
Native extension for WindowsStandalone target not found
Native extension for OSXStandalone target not found
Native extension for WebGL target not found
Refreshing native plugins compatible for Editor in 0.25 ms, found 1 plugins.
Preloading 0 native plugins for Editor in 0.00 ms.
Mono: successfully reloaded assembly
- Completed reload, in  1.007 seconds
Platform modules already initialized, skipping
Refreshing native plugins compatible for Editor in 0.24 ms, found 1 plugins.
Preloading 0 native plugins for Editor in 0.00 ms.
Unloading 1115 Unused Serialized files (Serialized files now loaded: 0)
System memory in use before: 126.0 MB.
System memory in use after: 126.1 MB.

Unloading 5 unused Assets to reduce memory usage. Loaded Objects now: 1615.
Total: 1.614473 ms (FindLiveObjects: 0.152112 ms CreateObjectMapping: 0.033786 ms MarkObjects: 1.357770 ms  DeleteObjects: 0.069622 ms)

========================================================================
Received Prepare
Registering precompiled user dll's ...
Registered in 0.000465 seconds.
Begin MonoManager ReloadAssembly
Native extension for LinuxStandalone target not found
Native extension for WindowsStandalone target not found
Native extension for OSXStandalone target not found
Native extension for WebGL target not found
Refreshing native plugins compatible for Editor in 0.29 ms, found 1 plugins.
Preloading 0 native plugins for Editor in 0.00 ms.
Mono: successfully reloaded assembly
- Completed reload, in  0.996 seconds
Platform modules already initialized, skipping
Refreshing native plugins compatible for Editor in 0.24 ms, found 1 plugins.
Preloading 0 native plugins for Editor in 0.00 ms.
Unloading 1115 Unused Serialized files (Serialized files now loaded: 0)
System memory in use before: 126.2 MB.
System memory in use after: 126.3 MB.

Unloading 5 unused Assets to reduce memory usage. Loaded Objects now: 1618.
Total: 2.023506 ms (FindLiveObjects: 0.215917 ms CreateObjectMapping: 0.046532 ms MarkObjects: 1.688001 ms  DeleteObjects: 0.071414 ms)

========================================================================
Received Prepare
Registering precompiled user dll's ...
Registered in 0.000379 seconds.
Begin MonoManager ReloadAssembly
Native extension for LinuxStandalone target not found
Native extension for WindowsStandalone target not found
Native extension for OSXStandalone target not found
Native extension for WebGL target not found
Refreshing native plugins compatible for Editor in 0.24 ms, found 1 plugins.
Preloading 0 native plugins for Editor in 0.00 ms.
Mono: successfully reloaded assembly
- Completed reload, in  1.003 seconds
Platform modules already initialized, skipping
Refreshing native plugins compatible for Editor in 0.27 ms, found 1 plugins.
Preloading 0 native plugins for Editor in 0.00 ms.
Unloading 1115 Unused Serialized files (Serialized files now loaded: 0)
System memory in use before: 126.4 MB.
System memory in use after: 126.5 MB.

Unloading 5 unused Assets to reduce memory usage. Loaded Objects now: 1621.
Total: 1.977742 ms (FindLiveObjects: 0.194378 ms CreateObjectMapping: 0.158007 ms MarkObjects: 1.559391 ms  DeleteObjects: 0.063631 ms)

========================================================================
Received Prepare
Registering precompiled user dll's ...
Registered in 0.000375 seconds.
Begin MonoManager ReloadAssembly
Native extension for LinuxStandalone target not found
Native extension for WindowsStandalone target not found
Native extension for OSXStandalone target not found
Native extension for WebGL target not found
Refreshing native plugins compatible for Editor in 0.28 ms, found 1 plugins.
Preloading 0 native plugins for Editor in 0.00 ms.
Mono: successfully reloaded assembly
- Completed reload, in  1.005 seconds
Platform modules already initialized, skipping
Refreshing native plugins compatible for Editor in 0.23 ms, found 1 plugins.
Preloading 0 native plugins for Editor in 0.00 ms.
Unloading 1115 Unused Serialized files (Serialized files now loaded: 0)
System memory in use before: 126.6 MB.
System memory in use after: 126.7 MB.

Unloading 5 unused Assets to reduce memory usage. Loaded Objects now: 1624.
Total: 2.029350 ms (FindLiveObjects: 0.270218 ms CreateObjectMapping: 0.057824 ms MarkObjects: 1.632299 ms  DeleteObjects: 0.067351 ms)

========================================================================
Received Prepare
Registering precompiled user dll's ...
Registered in 0.000622 seconds.
Begin MonoManager ReloadAssembly
Native extension for LinuxStandalone target not found
Native extension for WindowsStandalone target not found
Native extension for OSXStandalone target not found
Native extension for WebGL target not found
Refreshing native plugins compatible for Editor in 0.23 ms, found 1 plugins.
Preloading 0 native plugins for Editor in 0.00 ms.
Mono: successfully reloaded assembly
- Completed reload, in  1.081 seconds
Platform modules already initialized, skipping
Refreshing native plugins compatible for Editor in 0.24 ms, found 1 plugins.
Preloading 0 native plugins for Editor in 0.00 ms.
Unloading 1115 Unused Serialized files (Serialized files now loaded: 0)
System memory in use before: 126.8 MB.
System memory in use after: 126.9 MB.

Unloading 5 unused Assets to reduce memory usage. Loaded Objects now: 1627.
Total: 2.308565 ms (FindLiveObjects: 0.280917 ms CreateObjectMapping: 0.074488 ms MarkObjects: 1.886606 ms  DeleteObjects: 0.064991 ms)

========================================================================
Received Prepare
Registering precompiled user dll's ...
Registered in 0.000513 seconds.
Begin MonoManager ReloadAssembly
Native extension for LinuxStandalone target not found
Native extension for WindowsStandalone target not found
Native extension for OSXStandalone target not found
Native extension for WebGL target not found
Refreshing native plugins compatible for Editor in 0.25 ms, found 1 plugins.
Preloading 0 native plugins for Editor in 0.00 ms.
Mono: successfully reloaded assembly
- Completed reload, in  0.988 seconds
Platform modules already initialized, skipping
Refreshing native plugins compatible for Editor in 0.25 ms, found 1 plugins.
Preloading 0 native plugins for Editor in 0.00 ms.
Unloading 1115 Unused Serialized files (Serialized files now loaded: 0)
System memory in use before: 127.1 MB.
System memory in use after: 127.1 MB.

Unloading 5 unused Assets to reduce memory usage. Loaded Objects now: 1630.
Total: 1.807994 ms (FindLiveObjects: 0.173734 ms CreateObjectMapping: 0.041990 ms MarkObjects: 1.525963 ms  DeleteObjects: 0.065116 ms)

========================================================================
Received Import Request.
  Time since last request: 688.281260 seconds.
  path: Assets/Scripts/CreateTextureMap.cs
  artifactKey: Guid(b6bffbe72cce14a8db0d2729a44dc143) Importer(815301076,1909f56bfc062723c751e8b465ee728b)
Start importing Assets/Scripts/CreateTextureMap.cs using Guid(b6bffbe72cce14a8db0d2729a44dc143) Importer(815301076,1909f56bfc062723c751e8b465ee728b)  -> (artifact id: '67fc2e6ba4865e245f4280369a83ca54') in 0.011680 seconds
  Import took 0.014970 seconds .

========================================================================
Received Prepare
Registering precompiled user dll's ...
Registered in 0.000383 seconds.
Begin MonoManager ReloadAssembly
Native extension for LinuxStandalone target not found
Native extension for WindowsStandalone target not found
Native extension for OSXStandalone target not found
Native extension for WebGL target not found
Refreshing native plugins compatible for Editor in 0.24 ms, found 1 plugins.
Preloading 0 native plugins for Editor in 0.00 ms.
Mono: successfully reloaded assembly
- Completed reload, in  0.988 seconds
Platform modules already initialized, skipping
Refreshing native plugins compatible for Editor in 0.25 ms, found 1 plugins.
Preloading 0 native plugins for Editor in 0.00 ms.
Unloading 1115 Unused Serialized files (Serialized files now loaded: 0)
System memory in use before: 127.3 MB.
System memory in use after: 127.3 MB.

Unloading 5 unused Assets to reduce memory usage. Loaded Objects now: 1633.
Total: 2.168673 ms (FindLiveObjects: 0.232763 ms CreateObjectMapping: 0.078885 ms MarkObjects: 1.786473 ms  DeleteObjects: 0.067541 ms)

========================================================================
Received Prepare
Registering precompiled user dll's ...
Registered in 0.000577 seconds.
Begin MonoManager ReloadAssembly
Native extension for LinuxStandalone target not found
Native extension for WindowsStandalone target not found
Native extension for OSXStandalone target not found
Native extension for WebGL target not found
Refreshing native plugins compatible for Editor in 0.25 ms, found 1 plugins.
Preloading 0 native plugins for Editor in 0.00 ms.
Mono: successfully reloaded assembly
- Completed reload, in  1.018 seconds
Platform modules already initialized, skipping
Refreshing native plugins compatible for Editor in 0.24 ms, found 1 plugins.
Preloading 0 native plugins for Editor in 0.00 ms.
Unloading 1115 Unused Serialized files (Serialized files now loaded: 0)
System memory in use before: 127.5 MB.
System memory in use after: 127.5 MB.

Unloading 5 unused Assets to reduce memory usage. Loaded Objects now: 1636.
Total: 1.677905 ms (FindLiveObjects: 0.186040 ms CreateObjectMapping: 0.037167 ms MarkObjects: 1.392419 ms  DeleteObjects: 0.061204 ms)

========================================================================
Received Prepare
Registering precompiled user dll's ...
Registered in 0.002955 seconds.
Begin MonoManager ReloadAssembly
Native extension for LinuxStandalone target not found
Native extension for WindowsStandalone target not found
Native extension for OSXStandalone target not found
Native extension for WebGL target not found
Refreshing native plugins compatible for Editor in 0.24 ms, found 1 plugins.
Preloading 0 native plugins for Editor in 0.00 ms.
Mono: successfully reloaded assembly
- Completed reload, in  0.989 seconds
Platform modules already initialized, skipping
Refreshing native plugins compatible for Editor in 0.25 ms, found 1 plugins.
Preloading 0 native plugins for Editor in 0.00 ms.
Unloading 1115 Unused Serialized files (Serialized files now loaded: 0)
System memory in use before: 127.7 MB.
System memory in use after: 127.7 MB.

Unloading 5 unused Assets to reduce memory usage. Loaded Objects now: 1639.
Total: 2.135681 ms (FindLiveObjects: 0.226793 ms CreateObjectMapping: 0.046125 ms MarkObjects: 1.795648 ms  DeleteObjects: 0.065387 ms)

========================================================================
Received Import Request.
  Time since last request: 232.803131 seconds.
  path: Assets/New Material.mat
  artifactKey: Guid(2cf09dd38466e4db5a3397ba8ed0c911) Importer(815301076,1909f56bfc062723c751e8b465ee728b)
Start importing Assets/New Material.mat using Guid(2cf09dd38466e4db5a3397ba8ed0c911) Importer(815301076,1909f56bfc062723c751e8b465ee728b)  -> (artifact id: 'ce032f81e056b2a793bd0f890bfb90e3') in 0.548377 seconds
  Import took 0.550840 seconds .

