Using pre-set license

 COMMAND LINE ARGUMENTS:
/Applications/Unity/Unity.app/Contents/MacOS/Unity
-adb2
-batchMode
-noUpm
-name
AssetImportWorker0
-projectPath
/Users/notahero/Documents/ProcMap
-logFile
Logs/AssetImportWorker0.log
-srvPort
51633
Successfully changed project path to: /Users/notahero/Documents/ProcMap
/Users/notahero/Documents/ProcMap
Using Asset Import Pipeline V2.
Refreshing native plugins compatible for Editor in 33.96 ms, found 1 plugins.
Preloading 0 native plugins for Editor in 0.00 ms.
Initialize engine version: 2020.3.7f1 (dd97f2c94397)
[Subsystems] Discovering subsystems at path /Applications/Unity/Unity.app/Contents/Resources/UnitySubsystems
[Subsystems] Discovering subsystems at path /Users/notahero/Documents/ProcMap/Assets
GfxDevice: creating device client; threaded=0
2021-05-28 18:15:54.238 Unity[4180:167578] Color LCD preferred device: Intel(R) Iris(TM) Plus Graphics 645 (low power)
2021-05-28 18:15:54.238 Unity[4180:167578] Metal devices available: 1
2021-05-28 18:15:54.238 Unity[4180:167578] 0: Intel(R) Iris(TM) Plus Graphics 645 (low power)
2021-05-28 18:15:54.238 Unity[4180:167578] Using device Intel(R) Iris(TM) Plus Graphics 645 (low power)
Initializing Metal device caps: Intel(R) Iris(TM) Plus Graphics 645
Initialize mono
Mono path[0] = '/Applications/Unity/Unity.app/Contents/Managed'
Mono path[1] = '/Applications/Unity/Unity.app/Contents/MonoBleedingEdge/lib/mono/unityjit'
Mono config path = '/Applications/Unity/Unity.app/Contents/MonoBleedingEdge/etc'
Using monoOptions --debugger-agent=transport=dt_socket,embedding=1,server=y,suspend=n,address=127.0.0.1:56180
Begin MonoManager ReloadAssembly
Error scanning for extension ivy.xml files: System.UnauthorizedAccessException: Access to the path '/Applications/Unity/PlaybackEngines/WebGLSupport/BuildTools/Emscripten_Mac/node' is denied.
  at System.IO.__Error.WinIOError (System.Int32 errorCode, System.String maybeFullPath) [0x00129] in <695d1cc93cca45069c528c15c9fdd749>:0 
  at System.IO.FileSystemEnumerableIterator`1[TSource].HandleError (System.Int32 hr, System.String path) [0x00006] in <695d1cc93cca45069c528c15c9fdd749>:0 
  at System.IO.FileSystemEnumerableIterator`1[TSource].AddSearchableDirsToStack (System.IO.Directory+SearchData localSearchData) [0x00053] in <695d1cc93cca45069c528c15c9fdd749>:0 
  at System.IO.FileSystemEnumerableIterator`1[TSource].MoveNext () [0x0008e] in <695d1cc93cca45069c528c15c9fdd749>:0 
  at System.Collections.Generic.List`1[T]..ctor (System.Collections.Generic.IEnumerable`1[T] collection) [0x00077] in <695d1cc93cca45069c528c15c9fdd749>:0 
  at System.IO.Directory.InternalGetFileDirectoryNames (System.String path, System.String userPathOriginal, System.String searchPattern, System.Boolean includeFiles, System.Boolean includeDirs, System.IO.SearchOption searchOption, System.Boolean checkHost) [0x0000f] in <695d1cc93cca45069c528c15c9fdd749>:0 
  at System.IO.Directory.InternalGetFiles (System.String path, System.String searchPattern, System.IO.SearchOption searchOption) [0x00000] in <695d1cc93cca45069c528c15c9fdd749>:0 
  at System.IO.Directory.GetFiles (System.String path, System.String searchPattern, System.IO.SearchOption searchOption) [0x00038] in <695d1cc93cca45069c528c15c9fdd749>:0 
  at UnityEditor.Modules.ModuleManager.LoadLegacyExtensionsFromIvyFiles () [0x000a5] in /Users/bokken/buildslave/unity/build/Editor/Mono/Modules/ModuleManager.cs:253 
Registering precompiled unity dll's ...
Register platform support module: /Applications/Unity/PlaybackEngines/WebGLSupport/UnityEditor.WebGL.Extensions.dll
Register platform support module: /Applications/Unity/Unity.app/Contents/PlaybackEngines/MacStandaloneSupport/UnityEditor.OSXStandalone.Extensions.dll
Register platform support module: /Applications/Unity/PlaybackEngines/WindowsStandaloneSupport/UnityEditor.WindowsStandalone.Extensions.dll
Register platform support module: /Applications/Unity/PlaybackEngines/LinuxStandaloneSupport/UnityEditor.LinuxStandalone.Extensions.dll
Registered in 0.004461 seconds.
Native extension for LinuxStandalone target not found
Native extension for WindowsStandalone target not found
Native extension for OSXStandalone target not found
Native extension for WebGL target not found
Refreshing native plugins compatible for Editor in 33.67 ms, found 1 plugins.
Preloading 0 native plugins for Editor in 0.00 ms.
Mono: successfully reloaded assembly
- Completed reload, in  2.902 seconds
Platform modules already initialized, skipping
Registering precompiled user dll's ...
Registered in 0.001278 seconds.
Begin MonoManager ReloadAssembly
Native extension for LinuxStandalone target not found
Native extension for WindowsStandalone target not found
Native extension for OSXStandalone target not found
Native extension for WebGL target not found
Refreshing native plugins compatible for Editor in 0.26 ms, found 1 plugins.
Preloading 0 native plugins for Editor in 0.00 ms.
Mono: successfully reloaded assembly
- Completed reload, in  1.208 seconds
Platform modules already initialized, skipping
========================================================================
Worker process is ready to serve import requests
Launching external process: /Applications/Unity/Unity.app/Contents/Tools/UnityShaderCompiler
Launched and connected shader compiler UnityShaderCompiler after 0.01 seconds
Refreshing native plugins compatible for Editor in 0.23 ms, found 1 plugins.
Preloading 0 native plugins for Editor in 0.00 ms.
Unloading 1119 Unused Serialized files (Serialized files now loaded: 0)
System memory in use before: 109.4 MB.
System memory in use after: 109.5 MB.

Unloading 9 unused Assets to reduce memory usage. Loaded Objects now: 1562.
Total: 2.464016 ms (FindLiveObjects: 0.207755 ms CreateObjectMapping: 0.053140 ms MarkObjects: 2.085691 ms  DeleteObjects: 0.115416 ms)

========================================================================
Received Import Request.
  path: Assets/noiseframe000.png
  artifactKey: Guid(715aa77e6ae4346e3a4b80c699bf5414) Importer(815301076,1909f56bfc062723c751e8b465ee728b)
Start importing Assets/noiseframe000.png using Guid(715aa77e6ae4346e3a4b80c699bf5414) Importer(815301076,1909f56bfc062723c751e8b465ee728b)  -> (artifact id: '7405268887624a6cc133ef08b69e2df4') in 1.266151 seconds
  Import took 1.270088 seconds .

========================================================================
Received Import Request.
  Time since last request: 0.000254 seconds.
  path: Assets/water.png
  artifactKey: Guid(b564974aeb5ea431a997e65b2dec00f9) Importer(815301076,1909f56bfc062723c751e8b465ee728b)
Start importing Assets/water.png using Guid(b564974aeb5ea431a997e65b2dec00f9) Importer(815301076,1909f56bfc062723c751e8b465ee728b)  -> (artifact id: 'a2df22d1625ed730ad727966dc02a3bd') in 0.009350 seconds
  Import took 0.011193 seconds .

========================================================================
Received Import Request.
  Time since last request: 0.000248 seconds.
  path: Assets/New Material.mat
  artifactKey: Guid(2cf09dd38466e4db5a3397ba8ed0c911) Importer(815301076,1909f56bfc062723c751e8b465ee728b)
Start importing Assets/New Material.mat using Guid(2cf09dd38466e4db5a3397ba8ed0c911) Importer(815301076,1909f56bfc062723c751e8b465ee728b)  -> (artifact id: 'e694e71ab5fcfcfc9bab17f1f27d0b65') in 1.504528 seconds
  Import took 1.506675 seconds .

========================================================================
Received Import Request.
  Time since last request: 0.000203 seconds.
  path: Assets/Script
  artifactKey: Guid(39c8a6b7f632a4ba8ae517c8b91a4269) Importer(815301076,1909f56bfc062723c751e8b465ee728b)
Start importing Assets/Script using Guid(39c8a6b7f632a4ba8ae517c8b91a4269) Importer(815301076,1909f56bfc062723c751e8b465ee728b)  -> (artifact id: '992835a7b6602cd1ebff01e187056792') in 0.000846 seconds
  Import took 0.002498 seconds .

========================================================================
Received Import Request.
  Time since last request: 0.000201 seconds.
  path: Assets/pil_red 2.png
  artifactKey: Guid(351f73205d1d44b828b9b3f6bb76cba3) Importer(815301076,1909f56bfc062723c751e8b465ee728b)
Start importing Assets/pil_red 2.png using Guid(351f73205d1d44b828b9b3f6bb76cba3) Importer(815301076,1909f56bfc062723c751e8b465ee728b)  -> (artifact id: '9cdc4c8c416432a1418ef9a11938d33d') in 0.008316 seconds
  Import took 0.010402 seconds .

========================================================================
Received Import Request.
  Time since last request: 0.000212 seconds.
  path: Assets/New Material 1.mat
  artifactKey: Guid(165675930f9b44f0b94556371edf37a3) Importer(815301076,1909f56bfc062723c751e8b465ee728b)
Start importing Assets/New Material 1.mat using Guid(165675930f9b44f0b94556371edf37a3) Importer(815301076,1909f56bfc062723c751e8b465ee728b)  -> (artifact id: '346d8bd1b673837cc6a29d3d22cc023b') in 0.011568 seconds
  Import took 0.013663 seconds .

========================================================================
Received Import Request.
  Time since last request: 0.000198 seconds.
  path: Assets/pil_red.png
  artifactKey: Guid(bc6ab1e0b2e2a4f849f3a5f8324503f4) Importer(815301076,1909f56bfc062723c751e8b465ee728b)
Start importing Assets/pil_red.png using Guid(bc6ab1e0b2e2a4f849f3a5f8324503f4) Importer(815301076,1909f56bfc062723c751e8b465ee728b)  -> (artifact id: 'd289d931f7b80f9f8c720dba45bdfd07') in 0.009021 seconds
  Import took 0.011190 seconds .

========================================================================
Received Import Request.
  Time since last request: 2.856728 seconds.
  path: Assets/Scripts
  artifactKey: Guid(39c8a6b7f632a4ba8ae517c8b91a4269) Importer(815301076,1909f56bfc062723c751e8b465ee728b)
Start importing Assets/Scripts using Guid(39c8a6b7f632a4ba8ae517c8b91a4269) Importer(815301076,1909f56bfc062723c751e8b465ee728b)  -> (artifact id: '2a16cc64cc178759da07a739566d1431') in 0.001007 seconds
  Import took 0.003362 seconds .

========================================================================
Received Prepare
Registering precompiled user dll's ...
Registered in 0.000396 seconds.
Begin MonoManager ReloadAssembly
Native extension for LinuxStandalone target not found
Native extension for WindowsStandalone target not found
Native extension for OSXStandalone target not found
Native extension for WebGL target not found
Refreshing native plugins compatible for Editor in 0.28 ms, found 1 plugins.
Preloading 0 native plugins for Editor in 0.00 ms.
Mono: successfully reloaded assembly
- Completed reload, in  1.112 seconds
Platform modules already initialized, skipping
Refreshing native plugins compatible for Editor in 0.27 ms, found 1 plugins.
Preloading 0 native plugins for Editor in 0.00 ms.
Unloading 1113 Unused Serialized files (Serialized files now loaded: 0)
System memory in use before: 121.9 MB.
System memory in use after: 122.0 MB.

Unloading 4 unused Assets to reduce memory usage. Loaded Objects now: 1607.
Total: 1.655035 ms (FindLiveObjects: 0.158826 ms CreateObjectMapping: 0.036974 ms MarkObjects: 1.440980 ms  DeleteObjects: 0.017034 ms)

========================================================================
Received Import Request.
  Time since last request: 28.508436 seconds.
  path: Assets/Scripts/CreateTextureMap.cs
  artifactKey: Guid(b6bffbe72cce14a8db0d2729a44dc143) Importer(815301076,1909f56bfc062723c751e8b465ee728b)
Start importing Assets/Scripts/CreateTextureMap.cs using Guid(b6bffbe72cce14a8db0d2729a44dc143) Importer(815301076,1909f56bfc062723c751e8b465ee728b)  -> (artifact id: '8e9cecb444da12f50e201ca5d2d02121') in 0.348893 seconds
  Import took 0.350958 seconds .

========================================================================
Received Import Request.
  Time since last request: 55.829864 seconds.
  path: Assets/Scripts/GeneratePerlinNoise.shader
  artifactKey: Guid(9363c9c08da2c463f817ce98616f11ae) Importer(815301076,1909f56bfc062723c751e8b465ee728b)
Start importing Assets/Scripts/GeneratePerlinNoise.shader using Guid(9363c9c08da2c463f817ce98616f11ae) Importer(815301076,1909f56bfc062723c751e8b465ee728b)  -> (artifact id: '141505dca43c8a0ff0acb9cdbc0b62f0') in 0.355414 seconds
  Import took 0.359083 seconds .

========================================================================
Received Import Request.
  Time since last request: 24.932943 seconds.
  path: Assets/Scripts/GenerateTextureMap.shader
  artifactKey: Guid(19efc70d5d03e4ece91d4a66e35ee22f) Importer(815301076,1909f56bfc062723c751e8b465ee728b)
Start importing Assets/Scripts/GenerateTextureMap.shader using Guid(19efc70d5d03e4ece91d4a66e35ee22f) Importer(815301076,1909f56bfc062723c751e8b465ee728b)  -> (artifact id: 'b83388f925112250dbe78974de9dd74a') in 0.005622 seconds
  Import took 0.008904 seconds .

========================================================================
Received Import Request.
  Time since last request: 64.142416 seconds.
  path: Assets/Scripts/GenerateErosion.shader
  artifactKey: Guid(4b05e5197c1d4499ca9b10d2b4bc6d0a) Importer(815301076,1909f56bfc062723c751e8b465ee728b)
Start importing Assets/Scripts/GenerateErosion.shader using Guid(4b05e5197c1d4499ca9b10d2b4bc6d0a) Importer(815301076,1909f56bfc062723c751e8b465ee728b)  -> (artifact id: '39e82df1230ac331db1ca48975030884') in 0.005936 seconds
  Import took 0.009447 seconds .

========================================================================
Received Import Request.
  Time since last request: 182.925740 seconds.
  path: Assets/Scripts/GeneratePerlinNoise.shader
  artifactKey: Guid(9363c9c08da2c463f817ce98616f11ae) Importer(815301076,1909f56bfc062723c751e8b465ee728b)
Start importing Assets/Scripts/GeneratePerlinNoise.shader using Guid(9363c9c08da2c463f817ce98616f11ae) Importer(815301076,1909f56bfc062723c751e8b465ee728b)  -> (artifact id: 'ed7fcb9abfdd4359da68d0782422e1f5') in 0.018429 seconds
  Import took 0.038869 seconds .

========================================================================
Received Import Request.
  Time since last request: 11.373013 seconds.
  path: Assets/Scripts/GeneratePerlinNoise.shader
  artifactKey: Guid(9363c9c08da2c463f817ce98616f11ae) Importer(815301076,1909f56bfc062723c751e8b465ee728b)
Start importing Assets/Scripts/GeneratePerlinNoise.shader using Guid(9363c9c08da2c463f817ce98616f11ae) Importer(815301076,1909f56bfc062723c751e8b465ee728b)  -> (artifact id: 'b3974c91a80decc1706bddb55314a659') in 0.005799 seconds
  Import took 0.009010 seconds .

========================================================================
Received Import Request.
  Time since last request: 287.766563 seconds.
  path: Assets/Scripts/GeneratePerlinNoise.shader
  artifactKey: Guid(9363c9c08da2c463f817ce98616f11ae) Importer(815301076,1909f56bfc062723c751e8b465ee728b)
Start importing Assets/Scripts/GeneratePerlinNoise.shader using Guid(9363c9c08da2c463f817ce98616f11ae) Importer(815301076,1909f56bfc062723c751e8b465ee728b)  -> (artifact id: '48c5eee9eb7cc10e803885078c38233b') in 0.028055 seconds
  Import took 0.046792 seconds .

========================================================================
Received Import Request.
  Time since last request: 471.995429 seconds.
  path: Assets/Scripts/GeneratePerlinNoise.shader
  artifactKey: Guid(9363c9c08da2c463f817ce98616f11ae) Importer(815301076,1909f56bfc062723c751e8b465ee728b)
Start importing Assets/Scripts/GeneratePerlinNoise.shader using Guid(9363c9c08da2c463f817ce98616f11ae) Importer(815301076,1909f56bfc062723c751e8b465ee728b)  -> (artifact id: '0025f988ea2c41a3bb9ffdb7b52f6e14') in 0.011316 seconds
  Import took 0.016920 seconds .

========================================================================
Received Import Request.
  Time since last request: 308.712052 seconds.
  path: Assets/Materials
  artifactKey: Guid(d43f81e455388446a818b394313755e4) Importer(815301076,1909f56bfc062723c751e8b465ee728b)
Start importing Assets/Materials using Guid(d43f81e455388446a818b394313755e4) Importer(815301076,1909f56bfc062723c751e8b465ee728b)  -> (artifact id: '222b278eacd0887fed9c45f52c3838f3') in 0.004692 seconds
  Import took 0.026554 seconds .

========================================================================
Received Import Request.
  Time since last request: 12.838771 seconds.
  path: Assets/Materials/Noise.mat
  artifactKey: Guid(6431d6c79e78045b6949c2c82c464a8d) Importer(815301076,1909f56bfc062723c751e8b465ee728b)
Start importing Assets/Materials/Noise.mat using Guid(6431d6c79e78045b6949c2c82c464a8d) Importer(815301076,1909f56bfc062723c751e8b465ee728b)  -> (artifact id: '0e0a6dad82ea1ab5e36fd0b6c196b046') in 0.170043 seconds
  Import took 0.174485 seconds .

========================================================================
Received Import Request.
  Time since last request: 14.746438 seconds.
  path: Assets/Materials/Noise.mat
  artifactKey: Guid(6431d6c79e78045b6949c2c82c464a8d) Importer(815301076,1909f56bfc062723c751e8b465ee728b)
Start importing Assets/Materials/Noise.mat using Guid(6431d6c79e78045b6949c2c82c464a8d) Importer(815301076,1909f56bfc062723c751e8b465ee728b)  -> (artifact id: '533fc35289356e8de9d4b3cb80aecd81') in 0.302622 seconds
  Import took 0.306861 seconds .

========================================================================
Received Import Request.
  Time since last request: 278.404488 seconds.
  path: Assets/Shaders
  artifactKey: Guid(307fd7df1384b4058a87441d7401ae67) Importer(815301076,1909f56bfc062723c751e8b465ee728b)
Start importing Assets/Shaders using Guid(307fd7df1384b4058a87441d7401ae67) Importer(815301076,1909f56bfc062723c751e8b465ee728b)  -> (artifact id: 'c349ad84c486fbbf4240f568a689ae07') in 0.002873 seconds
  Import took 0.007564 seconds .

========================================================================
Received Import Request.
  Time since last request: 2.414486 seconds.
  path: Assets/LevelShader.shader
  artifactKey: Guid(9e2f6271f8e824c2699bcfcef60c32cb) Importer(815301076,1909f56bfc062723c751e8b465ee728b)
Start importing Assets/LevelShader.shader using Guid(9e2f6271f8e824c2699bcfcef60c32cb) Importer(815301076,1909f56bfc062723c751e8b465ee728b)  -> (artifact id: 'aa9bc89d17a1301694f75be71812dca1') in 0.009189 seconds
  Import took 0.016077 seconds .

========================================================================
Received Import Request.
  Time since last request: 37.954945 seconds.
  path: Assets/Shaders/PerlinNoise3d.shader
  artifactKey: Guid(ac64225778d4a4d9c95a671c363b7295) Importer(815301076,1909f56bfc062723c751e8b465ee728b)
Start importing Assets/Shaders/PerlinNoise3d.shader using Guid(ac64225778d4a4d9c95a671c363b7295) Importer(815301076,1909f56bfc062723c751e8b465ee728b)  -> (artifact id: '1bdd7942f416a52fa8a42927b8b8e10d') in 0.005492 seconds
  Import took 0.009872 seconds .

========================================================================
Received Import Request.
  Time since last request: 9.170379 seconds.
  path: Assets/Shaders/Erosion.shader
  artifactKey: Guid(4b05e5197c1d4499ca9b10d2b4bc6d0a) Importer(815301076,1909f56bfc062723c751e8b465ee728b)
Start importing Assets/Shaders/Erosion.shader using Guid(4b05e5197c1d4499ca9b10d2b4bc6d0a) Importer(815301076,1909f56bfc062723c751e8b465ee728b)  -> (artifact id: 'b3ce8cc68cb8a0ebfe1e57510c886269') in 0.005848 seconds
  Import took 0.010826 seconds .

========================================================================
Received Import Request.
  Time since last request: 10.779671 seconds.
  path: Assets/Shaders/PerlinNoise2d.shader
  artifactKey: Guid(9363c9c08da2c463f817ce98616f11ae) Importer(815301076,1909f56bfc062723c751e8b465ee728b)
Start importing Assets/Shaders/PerlinNoise2d.shader using Guid(9363c9c08da2c463f817ce98616f11ae) Importer(815301076,1909f56bfc062723c751e8b465ee728b)  -> (artifact id: 'a36e625db11d9f58fc272030a4279d48') in 0.009248 seconds
  Import took 0.014313 seconds .

========================================================================
Received Import Request.
  Time since last request: 24.942759 seconds.
  path: Assets/Shaders/TextureMap.shader
  artifactKey: Guid(19efc70d5d03e4ece91d4a66e35ee22f) Importer(815301076,1909f56bfc062723c751e8b465ee728b)
Start importing Assets/Shaders/TextureMap.shader using Guid(19efc70d5d03e4ece91d4a66e35ee22f) Importer(815301076,1909f56bfc062723c751e8b465ee728b)  -> (artifact id: 'cd833a6be468ecaaa5c2492157190d2b') in 0.003912 seconds
  Import took 0.007607 seconds .

========================================================================
Received Import Request.
  Time since last request: 22.386211 seconds.
  path: Assets/Shaders/PerlinNoise2d.shader
  artifactKey: Guid(9363c9c08da2c463f817ce98616f11ae) Importer(815301076,1909f56bfc062723c751e8b465ee728b)
Start importing Assets/Shaders/PerlinNoise2d.shader using Guid(9363c9c08da2c463f817ce98616f11ae) Importer(815301076,1909f56bfc062723c751e8b465ee728b)  -> (artifact id: 'b54d906e778106ad4bdba9f48481e23c') in 0.011599 seconds
  Import took 0.019848 seconds .

========================================================================
Received Import Request.
  Time since last request: 0.037856 seconds.
  path: Assets/Shaders/PerlinNoise2d.shader
  artifactKey: Guid(9363c9c08da2c463f817ce98616f11ae) Importer(815301076,1909f56bfc062723c751e8b465ee728b)
Start importing Assets/Shaders/PerlinNoise2d.shader using Guid(9363c9c08da2c463f817ce98616f11ae) Importer(815301076,1909f56bfc062723c751e8b465ee728b)  -> (artifact id: 'b54d906e778106ad4bdba9f48481e23c') in 0.006595 seconds
  Import took 0.009518 seconds .

========================================================================
Received Import Request.
  Time since last request: 18.324077 seconds.
  path: Assets/Shaders/PerlinNoise3d.shader
  artifactKey: Guid(ac64225778d4a4d9c95a671c363b7295) Importer(815301076,1909f56bfc062723c751e8b465ee728b)
Start importing Assets/Shaders/PerlinNoise3d.shader using Guid(ac64225778d4a4d9c95a671c363b7295) Importer(815301076,1909f56bfc062723c751e8b465ee728b)  -> (artifact id: '00000000000000000000000000000000') in 0.005901 seconds
  ERROR: Build asset version error: assets/shaders/perlinnoise3d.shader in SourceAssetDB has modification time of '2021-05-28T14:47:13Z' while content on disk has modification time of '2021-05-28T14:47:14Z'
  Import took 0.008165 seconds .

========================================================================
Received Import Request.
  Time since last request: 0.086488 seconds.
  path: Assets/Shaders/PerlinNoise3d.shader
  artifactKey: Guid(ac64225778d4a4d9c95a671c363b7295) Importer(815301076,1909f56bfc062723c751e8b465ee728b)
Start importing Assets/Shaders/PerlinNoise3d.shader using Guid(ac64225778d4a4d9c95a671c363b7295) Importer(815301076,1909f56bfc062723c751e8b465ee728b)  -> (artifact id: '00000000000000000000000000000000') in 0.007694 seconds
  ERROR: Build asset version error: assets/shaders/perlinnoise3d.shader in SourceAssetDB has modification time of '2021-05-28T14:47:13Z' while content on disk has modification time of '2021-05-28T14:47:14Z'
  Import took 0.010150 seconds .

========================================================================
Received Import Request.
  Time since last request: 0.080997 seconds.
  path: Assets/Shaders/PerlinNoise3d.shader
  artifactKey: Guid(ac64225778d4a4d9c95a671c363b7295) Importer(815301076,1909f56bfc062723c751e8b465ee728b)
Start importing Assets/Shaders/PerlinNoise3d.shader using Guid(ac64225778d4a4d9c95a671c363b7295) Importer(815301076,1909f56bfc062723c751e8b465ee728b)  -> (artifact id: '00000000000000000000000000000000') in 0.005552 seconds
  ERROR: Build asset version error: assets/shaders/perlinnoise3d.shader in SourceAssetDB has modification time of '2021-05-28T14:47:13Z' while content on disk has modification time of '2021-05-28T14:47:14Z'
  Import took 0.007531 seconds .

========================================================================
Received Import Request.
  Time since last request: 0.114595 seconds.
  path: Assets/Shaders/PerlinNoise3d.shader
  artifactKey: Guid(ac64225778d4a4d9c95a671c363b7295) Importer(815301076,1909f56bfc062723c751e8b465ee728b)
Start importing Assets/Shaders/PerlinNoise3d.shader using Guid(ac64225778d4a4d9c95a671c363b7295) Importer(815301076,1909f56bfc062723c751e8b465ee728b)  -> (artifact id: '00000000000000000000000000000000') in 0.006979 seconds
  ERROR: Build asset version error: assets/shaders/perlinnoise3d.shader in SourceAssetDB has modification time of '2021-05-28T14:47:13Z' while content on disk has modification time of '2021-05-28T14:47:14Z'
  Import took 0.009697 seconds .

========================================================================
Received Import Request.
  Time since last request: 0.122696 seconds.
  path: Assets/Shaders/PerlinNoise3d.shader
  artifactKey: Guid(ac64225778d4a4d9c95a671c363b7295) Importer(815301076,1909f56bfc062723c751e8b465ee728b)
Start importing Assets/Shaders/PerlinNoise3d.shader using Guid(ac64225778d4a4d9c95a671c363b7295) Importer(815301076,1909f56bfc062723c751e8b465ee728b)  -> (artifact id: '00000000000000000000000000000000') in 0.006394 seconds
  ERROR: Build asset version error: assets/shaders/perlinnoise3d.shader in SourceAssetDB has modification time of '2021-05-28T14:47:13Z' while content on disk has modification time of '2021-05-28T14:47:14Z'
  Import took 0.008754 seconds .

========================================================================
Received Import Request.
  Time since last request: 0.154042 seconds.
  path: Assets/Shaders/PerlinNoise3d.shader
  artifactKey: Guid(ac64225778d4a4d9c95a671c363b7295) Importer(815301076,1909f56bfc062723c751e8b465ee728b)
Start importing Assets/Shaders/PerlinNoise3d.shader using Guid(ac64225778d4a4d9c95a671c363b7295) Importer(815301076,1909f56bfc062723c751e8b465ee728b)  -> (artifact id: '00000000000000000000000000000000') in 0.010036 seconds
  ERROR: Build asset version error: assets/shaders/perlinnoise3d.shader in SourceAssetDB has modification time of '2021-05-28T14:47:13Z' while content on disk has modification time of '2021-05-28T14:47:14Z'
  Import took 0.014523 seconds .

========================================================================
Received Import Request.
  Time since last request: 0.074022 seconds.
  path: Assets/Shaders/PerlinNoise3d.shader
  artifactKey: Guid(ac64225778d4a4d9c95a671c363b7295) Importer(815301076,1909f56bfc062723c751e8b465ee728b)
Start importing Assets/Shaders/PerlinNoise3d.shader using Guid(ac64225778d4a4d9c95a671c363b7295) Importer(815301076,1909f56bfc062723c751e8b465ee728b)  -> (artifact id: 'b60120180fb77cba618ac33741b53ccd') in 0.006446 seconds
  Import took 0.010144 seconds .

========================================================================
Received Import Request.
  Time since last request: 26.495469 seconds.
  path: Assets/Shaders/PerlinNoise2d.shader
  artifactKey: Guid(9363c9c08da2c463f817ce98616f11ae) Importer(815301076,1909f56bfc062723c751e8b465ee728b)
Start importing Assets/Shaders/PerlinNoise2d.shader using Guid(9363c9c08da2c463f817ce98616f11ae) Importer(815301076,1909f56bfc062723c751e8b465ee728b)  -> (artifact id: 'cb6cbe80385423910a2f230c8dee0747') in 0.006392 seconds
  Import took 0.010156 seconds .

========================================================================
Received Prepare
Registering precompiled user dll's ...
Registered in 0.000464 seconds.
Begin MonoManager ReloadAssembly
Native extension for LinuxStandalone target not found
Native extension for WindowsStandalone target not found
Native extension for OSXStandalone target not found
Native extension for WebGL target not found
Refreshing native plugins compatible for Editor in 0.25 ms, found 1 plugins.
Preloading 0 native plugins for Editor in 0.00 ms.
Mono: successfully reloaded assembly
- Completed reload, in  1.137 seconds
Platform modules already initialized, skipping
Refreshing native plugins compatible for Editor in 0.24 ms, found 1 plugins.
Preloading 0 native plugins for Editor in 0.00 ms.
Unloading 1117 Unused Serialized files (Serialized files now loaded: 0)
System memory in use before: 133.6 MB.
System memory in use after: 132.0 MB.

Unloading 7 unused Assets to reduce memory usage. Loaded Objects now: 1612.
Total: 4.061339 ms (FindLiveObjects: 0.259822 ms CreateObjectMapping: 0.046491 ms MarkObjects: 1.760185 ms  DeleteObjects: 1.991938 ms)

========================================================================
Received Import Request.
  Time since last request: 456.505329 seconds.
  path: Assets/Scripts/Enviroment.cs
  artifactKey: Guid(d4d01def4642f4eabb6a211404da33b0) Importer(815301076,1909f56bfc062723c751e8b465ee728b)
Start importing Assets/Scripts/Enviroment.cs using Guid(d4d01def4642f4eabb6a211404da33b0) Importer(815301076,1909f56bfc062723c751e8b465ee728b)  -> (artifact id: '2bc40addef98309d09e2910805271fcf') in 0.019144 seconds
  Import took 0.023779 seconds .

========================================================================
Received Prepare
Registering precompiled user dll's ...
Registered in 0.000395 seconds.
Begin MonoManager ReloadAssembly
Native extension for LinuxStandalone target not found
Native extension for WindowsStandalone target not found
Native extension for OSXStandalone target not found
Native extension for WebGL target not found
Refreshing native plugins compatible for Editor in 0.24 ms, found 1 plugins.
Preloading 0 native plugins for Editor in 0.00 ms.
Mono: successfully reloaded assembly
- Completed reload, in  1.246 seconds
Platform modules already initialized, skipping
Refreshing native plugins compatible for Editor in 0.24 ms, found 1 plugins.
Preloading 0 native plugins for Editor in 0.00 ms.
Unloading 1117 Unused Serialized files (Serialized files now loaded: 0)
System memory in use before: 133.7 MB.
System memory in use after: 132.3 MB.

Unloading 7 unused Assets to reduce memory usage. Loaded Objects now: 1616.
Total: 3.292746 ms (FindLiveObjects: 0.174158 ms CreateObjectMapping: 0.041831 ms MarkObjects: 1.562949 ms  DeleteObjects: 1.512017 ms)

========================================================================
Received Prepare
Registering precompiled user dll's ...
Registered in 0.000373 seconds.
Begin MonoManager ReloadAssembly
Native extension for LinuxStandalone target not found
Native extension for WindowsStandalone target not found
Native extension for OSXStandalone target not found
Native extension for WebGL target not found
Refreshing native plugins compatible for Editor in 0.23 ms, found 1 plugins.
Preloading 0 native plugins for Editor in 0.00 ms.
Mono: successfully reloaded assembly
- Completed reload, in  0.949 seconds
Platform modules already initialized, skipping
Refreshing native plugins compatible for Editor in 0.24 ms, found 1 plugins.
Preloading 0 native plugins for Editor in 0.00 ms.
Unloading 1117 Unused Serialized files (Serialized files now loaded: 0)
System memory in use before: 133.8 MB.
System memory in use after: 132.3 MB.

Unloading 7 unused Assets to reduce memory usage. Loaded Objects now: 1619.
Total: 4.456523 ms (FindLiveObjects: 0.282362 ms CreateObjectMapping: 0.079146 ms MarkObjects: 2.002194 ms  DeleteObjects: 2.090954 ms)

========================================================================
Received Import Request.
  Time since last request: 115.252793 seconds.
  path: Assets/Scripts/Enviroment.cs
  artifactKey: Guid(d4d01def4642f4eabb6a211404da33b0) Importer(815301076,1909f56bfc062723c751e8b465ee728b)
Start importing Assets/Scripts/Enviroment.cs using Guid(d4d01def4642f4eabb6a211404da33b0) Importer(815301076,1909f56bfc062723c751e8b465ee728b)  -> (artifact id: '5f227be7a8d56e6e623f38e74d45d918') in 0.003605 seconds
  Import took 0.006064 seconds .

========================================================================
Received Import Request.
  Time since last request: 4.386601 seconds.
  path: Assets/Scripts/LoaderData.cs
  artifactKey: Guid(a7deab66b33714f6887abd8a31a6945f) Importer(815301076,1909f56bfc062723c751e8b465ee728b)
Start importing Assets/Scripts/LoaderData.cs using Guid(a7deab66b33714f6887abd8a31a6945f) Importer(815301076,1909f56bfc062723c751e8b465ee728b)  -> (artifact id: 'a937acd81e1adebbeb5a57054008b298') in 0.002534 seconds
  Import took 0.006270 seconds .

========================================================================
Received Import Request.
  Time since last request: 0.740179 seconds.
  path: Assets/Scripts/LoaderMap.cs
  artifactKey: Guid(e4315b0bee6144fb3b5e2941bcd73454) Importer(815301076,1909f56bfc062723c751e8b465ee728b)
Start importing Assets/Scripts/LoaderMap.cs using Guid(e4315b0bee6144fb3b5e2941bcd73454) Importer(815301076,1909f56bfc062723c751e8b465ee728b)  -> (artifact id: 'f5b329340702603412988614e0286bcc') in 0.002531 seconds
  Import took 0.006197 seconds .

========================================================================
Received Import Request.
  Time since last request: 0.036760 seconds.
  path: Assets/Scripts/LoaderMap.cs
  artifactKey: Guid(e4315b0bee6144fb3b5e2941bcd73454) Importer(815301076,1909f56bfc062723c751e8b465ee728b)
Start importing Assets/Scripts/LoaderMap.cs using Guid(e4315b0bee6144fb3b5e2941bcd73454) Importer(815301076,1909f56bfc062723c751e8b465ee728b)  -> (artifact id: 'f5b329340702603412988614e0286bcc') in 0.001744 seconds
  Import took 0.004464 seconds .

========================================================================
Received Import Request.
  Time since last request: 547.562798 seconds.
  path: Assets/Shaders/PerlinNoise3d.shader
  artifactKey: Guid(ac64225778d4a4d9c95a671c363b7295) Importer(815301076,1909f56bfc062723c751e8b465ee728b)
Start importing Assets/Shaders/PerlinNoise3d.shader using Guid(ac64225778d4a4d9c95a671c363b7295) Importer(815301076,1909f56bfc062723c751e8b465ee728b)  -> (artifact id: '2798142cedcca3fdec1d0f871dbeaca6') in 0.023858 seconds
  Import took 0.028280 seconds .

========================================================================
Received Prepare
Registering precompiled user dll's ...
Registered in 0.000516 seconds.
Begin MonoManager ReloadAssembly
Native extension for LinuxStandalone target not found
Native extension for WindowsStandalone target not found
Native extension for OSXStandalone target not found
Native extension for WebGL target not found
Refreshing native plugins compatible for Editor in 0.22 ms, found 1 plugins.
Preloading 0 native plugins for Editor in 0.00 ms.
Mono: successfully reloaded assembly
- Completed reload, in  1.032 seconds
Platform modules already initialized, skipping
Refreshing native plugins compatible for Editor in 0.31 ms, found 1 plugins.
Preloading 0 native plugins for Editor in 0.00 ms.
Unloading 1117 Unused Serialized files (Serialized files now loaded: 0)
System memory in use before: 134.1 MB.
System memory in use after: 132.5 MB.

Unloading 7 unused Assets to reduce memory usage. Loaded Objects now: 1622.
Total: 4.592711 ms (FindLiveObjects: 0.347373 ms CreateObjectMapping: 0.056598 ms MarkObjects: 1.758793 ms  DeleteObjects: 2.427705 ms)

========================================================================
Received Import Request.
  Time since last request: 319.427079 seconds.
  path: Assets/Shaders/Standard.shader
  artifactKey: Guid(a3c8521686e0d40098fc5d0c51e34cd6) Importer(815301076,1909f56bfc062723c751e8b465ee728b)
Start importing Assets/Shaders/Standard.shader using Guid(a3c8521686e0d40098fc5d0c51e34cd6) Importer(815301076,1909f56bfc062723c751e8b465ee728b)  -> (artifact id: '1aec8b613736f811e1f5ad6c2d67c57c') in 0.022547 seconds
  Import took 0.026071 seconds .

========================================================================
Received Import Request.
  Time since last request: 0.024829 seconds.
  path: Assets/Shaders/Standard.shader
  artifactKey: Guid(a3c8521686e0d40098fc5d0c51e34cd6) Importer(815301076,1909f56bfc062723c751e8b465ee728b)
Start importing Assets/Shaders/Standard.shader using Guid(a3c8521686e0d40098fc5d0c51e34cd6) Importer(815301076,1909f56bfc062723c751e8b465ee728b)  -> (artifact id: '1aec8b613736f811e1f5ad6c2d67c57c') in 0.005240 seconds
  Import took 0.008243 seconds .

========================================================================
Received Prepare
Registering precompiled user dll's ...
Registered in 0.000766 seconds.
Begin MonoManager ReloadAssembly
Native extension for LinuxStandalone target not found
Native extension for WindowsStandalone target not found
Native extension for OSXStandalone target not found
Native extension for WebGL target not found
Refreshing native plugins compatible for Editor in 0.23 ms, found 1 plugins.
Preloading 0 native plugins for Editor in 0.00 ms.
Mono: successfully reloaded assembly
- Completed reload, in  1.154 seconds
Platform modules already initialized, skipping
Refreshing native plugins compatible for Editor in 0.25 ms, found 1 plugins.
Preloading 0 native plugins for Editor in 0.00 ms.
Unloading 1118 Unused Serialized files (Serialized files now loaded: 0)
System memory in use before: 134.9 MB.
System memory in use after: 132.9 MB.

Unloading 8 unused Assets to reduce memory usage. Loaded Objects now: 1625.
Total: 5.078756 ms (FindLiveObjects: 0.434760 ms CreateObjectMapping: 0.074845 ms MarkObjects: 1.844619 ms  DeleteObjects: 2.722915 ms)

========================================================================
Received Prepare
Registering precompiled user dll's ...
Registered in 0.000405 seconds.
Begin MonoManager ReloadAssembly
Native extension for LinuxStandalone target not found
Native extension for WindowsStandalone target not found
Native extension for OSXStandalone target not found
Native extension for WebGL target not found
Refreshing native plugins compatible for Editor in 0.24 ms, found 1 plugins.
Preloading 0 native plugins for Editor in 0.00 ms.
Mono: successfully reloaded assembly
- Completed reload, in  0.956 seconds
Platform modules already initialized, skipping
Refreshing native plugins compatible for Editor in 0.22 ms, found 1 plugins.
Preloading 0 native plugins for Editor in 0.00 ms.
Unloading 1118 Unused Serialized files (Serialized files now loaded: 0)
System memory in use before: 135.0 MB.
System memory in use after: 133.1 MB.

Unloading 8 unused Assets to reduce memory usage. Loaded Objects now: 1628.
Total: 3.679871 ms (FindLiveObjects: 0.183658 ms CreateObjectMapping: 0.048431 ms MarkObjects: 1.436656 ms  DeleteObjects: 2.009814 ms)

========================================================================
Received Import Request.
  Time since last request: 4294.700130 seconds.
  path: Assets/Scripts/PerlinNoiseData.cs
  artifactKey: Guid(896089a8d359643a3b0b686f8ffb16bf) Importer(815301076,1909f56bfc062723c751e8b465ee728b)
Start importing Assets/Scripts/PerlinNoiseData.cs using Guid(896089a8d359643a3b0b686f8ffb16bf) Importer(815301076,1909f56bfc062723c751e8b465ee728b)  -> (artifact id: 'b315d4b6d175ca7903830d2f4eb3c5c2') in 0.018363 seconds
  Import took 0.024122 seconds .

========================================================================
Received Import Request.
  Time since last request: 1.383694 seconds.
  path: Assets/Scripts/Enviroment.cs
  artifactKey: Guid(d4d01def4642f4eabb6a211404da33b0) Importer(815301076,1909f56bfc062723c751e8b465ee728b)
Start importing Assets/Scripts/Enviroment.cs using Guid(d4d01def4642f4eabb6a211404da33b0) Importer(815301076,1909f56bfc062723c751e8b465ee728b)  -> (artifact id: 'ed902459280ce8c845d62f7a98499f4d') in 0.002469 seconds
  Import took 0.006626 seconds .

========================================================================
Received Import Request.
  Time since last request: 0.001904 seconds.
  path: Assets/Scripts/Enviroment.cs
  artifactKey: Guid(d4d01def4642f4eabb6a211404da33b0) Importer(815301076,1909f56bfc062723c751e8b465ee728b)
Start importing Assets/Scripts/Enviroment.cs using Guid(d4d01def4642f4eabb6a211404da33b0) Importer(815301076,1909f56bfc062723c751e8b465ee728b)  -> (artifact id: 'ed902459280ce8c845d62f7a98499f4d') in 0.002928 seconds
  Import took 0.008129 seconds .

========================================================================
Received Prepare
Registering precompiled user dll's ...
Registered in 0.000496 seconds.
Begin MonoManager ReloadAssembly
Native extension for LinuxStandalone target not found
Native extension for WindowsStandalone target not found
Native extension for OSXStandalone target not found
Native extension for WebGL target not found
Refreshing native plugins compatible for Editor in 0.24 ms, found 1 plugins.
Preloading 0 native plugins for Editor in 0.00 ms.
Mono: successfully reloaded assembly
- Completed reload, in  0.990 seconds
Platform modules already initialized, skipping
Refreshing native plugins compatible for Editor in 0.23 ms, found 1 plugins.
Preloading 0 native plugins for Editor in 0.00 ms.
Unloading 1118 Unused Serialized files (Serialized files now loaded: 0)
System memory in use before: 135.2 MB.
System memory in use after: 133.3 MB.

Unloading 8 unused Assets to reduce memory usage. Loaded Objects now: 1631.
Total: 5.336657 ms (FindLiveObjects: 0.241126 ms CreateObjectMapping: 0.061244 ms MarkObjects: 2.326437 ms  DeleteObjects: 2.704697 ms)

========================================================================
Received Prepare
Registering precompiled user dll's ...
Registered in 0.000989 seconds.
Begin MonoManager ReloadAssembly
Native extension for LinuxStandalone target not found
Native extension for WindowsStandalone target not found
Native extension for OSXStandalone target not found
Native extension for WebGL target not found
Refreshing native plugins compatible for Editor in 0.36 ms, found 1 plugins.
Preloading 0 native plugins for Editor in 0.00 ms.
Mono: successfully reloaded assembly
- Completed reload, in  1.341 seconds
Platform modules already initialized, skipping
Refreshing native plugins compatible for Editor in 0.27 ms, found 1 plugins.
Preloading 0 native plugins for Editor in 0.00 ms.
Unloading 1118 Unused Serialized files (Serialized files now loaded: 0)
System memory in use before: 135.4 MB.
System memory in use after: 133.5 MB.

Unloading 8 unused Assets to reduce memory usage. Loaded Objects now: 1634.
Total: 3.657595 ms (FindLiveObjects: 0.276781 ms CreateObjectMapping: 0.041470 ms MarkObjects: 1.377181 ms  DeleteObjects: 1.960922 ms)

========================================================================
Received Import Request.
  Time since last request: 3303.755550 seconds.
  path: Assets/Shaders/PerlinNoise3d.shader
  artifactKey: Guid(ac64225778d4a4d9c95a671c363b7295) Importer(815301076,1909f56bfc062723c751e8b465ee728b)
Start importing Assets/Shaders/PerlinNoise3d.shader using Guid(ac64225778d4a4d9c95a671c363b7295) Importer(815301076,1909f56bfc062723c751e8b465ee728b)  -> (artifact id: '8f4bf519f13325377acb2fb898d9e3b1') in 0.089786 seconds
  Import took 0.116331 seconds .

========================================================================
Received Import Request.
  Time since last request: 12.970977 seconds.
  path: Assets
  artifactKey: Guid(00000000000000001000000000000000) Importer(815301076,1909f56bfc062723c751e8b465ee728b)
Start importing Assets using Guid(00000000000000001000000000000000) Importer(815301076,1909f56bfc062723c751e8b465ee728b)  -> (artifact id: '5f6a1853b736837ecfb0820a881449cb') in 0.001489 seconds
  Import took 0.006424 seconds .

========================================================================
Received Prepare
Registering precompiled user dll's ...
Registered in 0.001380 seconds.
Begin MonoManager ReloadAssembly
Native extension for LinuxStandalone target not found
Native extension for WindowsStandalone target not found
Native extension for OSXStandalone target not found
Native extension for WebGL target not found
Refreshing native plugins compatible for Editor in 0.24 ms, found 1 plugins.
Preloading 0 native plugins for Editor in 0.00 ms.
Mono: successfully reloaded assembly
- Completed reload, in  1.103 seconds
Platform modules already initialized, skipping
Refreshing native plugins compatible for Editor in 0.23 ms, found 1 plugins.
Preloading 0 native plugins for Editor in 0.00 ms.
Unloading 1118 Unused Serialized files (Serialized files now loaded: 0)
System memory in use before: 135.6 MB.
System memory in use after: 133.7 MB.

Unloading 8 unused Assets to reduce memory usage. Loaded Objects now: 1637.
Total: 3.716837 ms (FindLiveObjects: 0.297438 ms CreateObjectMapping: 0.050343 ms MarkObjects: 1.445460 ms  DeleteObjects: 1.921274 ms)

========================================================================
Received Prepare
Registering precompiled user dll's ...
Registered in 0.000508 seconds.
Begin MonoManager ReloadAssembly
Native extension for LinuxStandalone target not found
Native extension for WindowsStandalone target not found
Native extension for OSXStandalone target not found
Native extension for WebGL target not found
Refreshing native plugins compatible for Editor in 0.23 ms, found 1 plugins.
Preloading 0 native plugins for Editor in 0.00 ms.
Mono: successfully reloaded assembly
- Completed reload, in  1.087 seconds
Platform modules already initialized, skipping
Refreshing native plugins compatible for Editor in 0.21 ms, found 1 plugins.
Preloading 0 native plugins for Editor in 0.00 ms.
Unloading 1118 Unused Serialized files (Serialized files now loaded: 0)
System memory in use before: 135.8 MB.
System memory in use after: 133.9 MB.

Unloading 8 unused Assets to reduce memory usage. Loaded Objects now: 1640.
Total: 5.775577 ms (FindLiveObjects: 0.463931 ms CreateObjectMapping: 0.143897 ms MarkObjects: 2.568463 ms  DeleteObjects: 2.596904 ms)

